<?xml version="1.0" encoding="UTF-8"?>
<testng-results ignored="0" total="1" passed="1" failed="0" skipped="0">
  <reporter-output>
  </reporter-output>
  <suite started-at="2024-02-26T12:18:58 IST" name="Default suite" finished-at="2024-02-26T12:19:14 IST" duration-ms="15889">
    <groups>
    </groups>
    <test started-at="2024-02-26T12:18:58 IST" name="Default test" finished-at="2024-02-26T12:19:14 IST" duration-ms="15889">
      <class name="Package.demo">
        <test-method signature="test()[pri:0, instance:Package.demo@4fb0f2b9]" started-at="2024-02-26T12:18:58 IST" name="test" finished-at="2024-02-26T12:19:14 IST" duration-ms="15717" status="PASS">
          <reporter-output>
          </reporter-output>
        </test-method> <!-- test -->
      </class> <!-- Package.demo -->
    </test> <!-- Default test -->
  </suite> <!-- Default suite -->
</testng-results>
